<?xml version="1.0" encoding="UTF-8"?>
<testng-results skipped="0" failed="0" total="1" passed="1">
  <reporter-output>
    <line>
      <![CDATA[Product details page is Correct :: Product title is Displayed]]>
    </line>
    <line>
      <![CDATA[Whats my size is Displayed :: Clickable]]>
    </line>
    <line>
      <![CDATA[Review Stars Are Displayed :: Clickable :: Clicked]]>
    </line>
    <line>
      <![CDATA[Rating and Reviews Displayed]]>
    </line>
    <line>
      <![CDATA[Write A Review button Displayed :: Clickable :: Write Review portion is Displayed after click button :: Text Correct]]>
    </line>
    <line>
      <![CDATA[Colors are present and changing correct]]>
    </line>
    <line>
      <![CDATA[Quantity increased by 1]]>
    </line>
    <line>
      <![CDATA[Quantity decreased by 1]]>
    </line>
    <line>
      <![CDATA[Details button and Size Guide button is Displayed :: Clickable]]>
    </line>
    <line>
      <![CDATA[ADD TO CART button is Displayed :: Clickable]]>
    </line>
    <line>
      <![CDATA[Continue Shopping button is Displayed :: Enabled :: Text is correct ]]>
    </line>
    <line>
      <![CDATA[View Cart link is Displayed :: Enabled :: Text is correct ]]>
    </line>
    <line>
      <![CDATA[Inline Cart Title is Displayed :: Text is correct ]]>
    </line>
    <line>
      <![CDATA[Shipping message text is Displayed ]]>
    </line>
    <line>
      <![CDATA[Shipping message meter is Displayed]]>
    </line>
  </reporter-output>
  <suite name="Regression Test Suite" duration-ms="74526" started-at="2019-06-03T07:40:20Z" finished-at="2019-06-03T07:41:35Z">
    <groups>
    </groups>
    <test name="Tests" duration-ms="74526" started-at="2019-06-03T07:40:20Z" finished-at="2019-06-03T07:41:35Z">
      <class name="TestScenario.ValidateFlyCartPage">
        <test-method status="PASS" signature="TC_VerifyAllFieldsAndTextOnNonEmptyFlyCart()[pri:0, instance:TestScenario.ValidateFlyCartPage@18be83e4]" name="TC_VerifyAllFieldsAndTextOnNonEmptyFlyCart" duration-ms="74509" started-at="2019-06-03T13:10:20Z" finished-at="2019-06-03T13:11:35Z">
          <reporter-output>
            <line>
              <![CDATA[Product details page is Correct :: Product title is Displayed]]>
            </line>
            <line>
              <![CDATA[Whats my size is Displayed :: Clickable]]>
            </line>
            <line>
              <![CDATA[Review Stars Are Displayed :: Clickable :: Clicked]]>
            </line>
            <line>
              <![CDATA[Rating and Reviews Displayed]]>
            </line>
            <line>
              <![CDATA[Write A Review button Displayed :: Clickable :: Write Review portion is Displayed after click button :: Text Correct]]>
            </line>
            <line>
              <![CDATA[Colors are present and changing correct]]>
            </line>
            <line>
              <![CDATA[Quantity increased by 1]]>
            </line>
            <line>
              <![CDATA[Quantity decreased by 1]]>
            </line>
            <line>
              <![CDATA[Details button and Size Guide button is Displayed :: Clickable]]>
            </line>
            <line>
              <![CDATA[ADD TO CART button is Displayed :: Clickable]]>
            </line>
            <line>
              <![CDATA[Continue Shopping button is Displayed :: Enabled :: Text is correct ]]>
            </line>
            <line>
              <![CDATA[View Cart link is Displayed :: Enabled :: Text is correct ]]>
            </line>
            <line>
              <![CDATA[Inline Cart Title is Displayed :: Text is correct ]]>
            </line>
            <line>
              <![CDATA[Shipping message text is Displayed ]]>
            </line>
            <line>
              <![CDATA[Shipping message meter is Displayed]]>
            </line>
          </reporter-output>
        </test-method> <!-- TC_VerifyAllFieldsAndTextOnNonEmptyFlyCart -->
      </class> <!-- TestScenario.ValidateFlyCartPage -->
      <class name="com.tommyjohn.automation.utils.CustomUtilities">
        <test-method status="PASS" signature="launchtj()[pri:0, instance:com.tommyjohn.automation.utils.CustomUtilities@29ee9faa]" name="launchtj" is-config="true" duration-ms="19514" started-at="2019-06-03T13:10:01Z" finished-at="2019-06-03T13:10:20Z">
          <reporter-output>
          </reporter-output>
        </test-method> <!-- launchtj -->
        <test-method status="PASS" signature="teardown()[pri:0, instance:com.tommyjohn.automation.utils.CustomUtilities@29ee9faa]" name="teardown" is-config="true" duration-ms="1136" started-at="2019-06-03T13:11:35Z" finished-at="2019-06-03T13:11:36Z">
          <reporter-output>
          </reporter-output>
        </test-method> <!-- teardown -->
      </class> <!-- com.tommyjohn.automation.utils.CustomUtilities -->
    </test> <!-- Tests -->
  </suite> <!-- Regression Test Suite -->
</testng-results>
